[2026-03-11 20:35:49] [INFO] 应用程序启动
[2026-03-11 20:35:49] [INFO] 配置加载成功，共 6 个宏
[2026-03-11 20:35:49] [INFO] 配置加载完成，共 6 个宏
[2026-03-11 20:35:49] [INFO] 托盘图标初始化完成
[2026-03-11 20:35:49] [INFO] 初始化热键管理器
[2026-03-11 20:35:49] [INFO] 开始注册所有热键
[2026-03-11 20:35:49] [INFO] 尝试注册热键: F2
[2026-03-11 20:35:49] [INFO] 热键注册成功: F2 (ID: 1)
[2026-03-11 20:35:49] [INFO] 尝试注册热键: F3
[2026-03-11 20:35:49] [INFO] 热键注册成功: F3 (ID: 2)
[2026-03-11 20:35:49] [INFO] 尝试注册热键: F1
[2026-03-11 20:35:49] [INFO] 热键注册成功: F1 (ID: 3)
[2026-03-11 20:35:49] [INFO] 尝试注册热键: F4
[2026-03-11 20:35:49] [INFO] 热键注册成功: F4 (ID: 4)
[2026-03-11 20:35:49] [INFO] 尝试注册热键: F5
[2026-03-11 20:35:49] [INFO] 热键注册成功: F5 (ID: 5)
[2026-03-11 20:35:49] [INFO] 尝试注册热键: F6
[2026-03-11 20:35:49] [INFO] 热键注册成功: F6 (ID: 6)
[2026-03-11 20:35:49] [INFO] 热键注册完成，成功注册 6 个
[2026-03-11 20:35:49] [INFO] 应用程序初始化完成
[2026-03-11 20:35:52] [INFO] 注销所有热键 (共 6 个)
[2026-03-11 20:35:52] [INFO] 注销热键: F2 (ID: 1)
[2026-03-11 20:35:52] [INFO] 注销热键: F3 (ID: 2)
[2026-03-11 20:35:52] [INFO] 注销热键: F1 (ID: 3)
[2026-03-11 20:35:52] [INFO] 注销热键: F4 (ID: 4)
[2026-03-11 20:35:52] [INFO] 注销热键: F5 (ID: 5)
[2026-03-11 20:35:52] [INFO] 注销热键: F6 (ID: 6)
[2026-03-11 20:35:52] [INFO] 热键已暂停
[2026-03-11 20:35:58] [INFO] 开始注册所有热键
[2026-03-11 20:35:58] [INFO] 尝试注册热键: F2
[2026-03-11 20:35:58] [INFO] 热键注册成功: F2 (ID: 1)
[2026-03-11 20:35:58] [INFO] 尝试注册热键: F3
[2026-03-11 20:35:58] [INFO] 热键注册成功: F3 (ID: 2)
[2026-03-11 20:35:58] [INFO] 尝试注册热键: F1
[2026-03-11 20:35:58] [INFO] 热键注册成功: F1 (ID: 3)
[2026-03-11 20:35:58] [INFO] 尝试注册热键: F4
[2026-03-11 20:35:58] [INFO] 热键注册成功: F4 (ID: 4)
[2026-03-11 20:35:58] [INFO] 尝试注册热键: F5
[2026-03-11 20:35:58] [INFO] 热键注册成功: F5 (ID: 5)
[2026-03-11 20:35:58] [INFO] 尝试注册热键: F6
[2026-03-11 20:35:58] [INFO] 热键注册成功: F6 (ID: 6)
[2026-03-11 20:35:58] [INFO] 热键注册完成，成功注册 6 个
[2026-03-11 20:35:58] [INFO] 热键已启动
[2026-03-11 20:35:59] [INFO] 收到WM_HOTKEY消息: 1
[2026-03-11 20:35:59] [INFO] 热键触发: F2 (ID: 1)
[2026-03-11 20:35:59] [INFO] 热键事件处理: F2
[2026-03-11 20:35:59] [INFO] 找到宏: 120, 开始播放
[2026-03-11 20:36:00] [INFO] 收到WM_HOTKEY消息: 1
[2026-03-11 20:36:00] [INFO] 热键触发: F2 (ID: 1)
[2026-03-11 20:36:00] [INFO] 热键事件处理: F2
[2026-03-11 20:36:00] [INFO] 找到宏: 120, 开始播放
[2026-03-11 20:36:01] [INFO] 收到WM_HOTKEY消息: 2
[2026-03-11 20:36:01] [INFO] 热键触发: F3 (ID: 2)
[2026-03-11 20:36:01] [INFO] 热键事件处理: F3
[2026-03-11 20:36:01] [INFO] 找到宏: 18, 开始播放
[2026-03-11 20:37:25] [INFO] 应用程序退出
[2026-03-11 20:37:25] [INFO] 释放热键管理器
[2026-03-11 20:37:25] [INFO] 注销所有热键 (共 6 个)
[2026-03-11 20:37:25] [INFO] 注销热键: F2 (ID: 1)
[2026-03-11 20:37:25] [INFO] 注销热键: F3 (ID: 2)
[2026-03-11 20:37:25] [INFO] 注销热键: F1 (ID: 3)
[2026-03-11 20:37:25] [INFO] 注销热键: F4 (ID: 4)
[2026-03-11 20:37:25] [INFO] 注销热键: F5 (ID: 5)
[2026-03-11 20:37:25] [INFO] 注销热键: F6 (ID: 6)
